<?xml version="1.0" encoding="UTF-8"?>
<!-- Generated by org.testng.reporters.JUnitReportReporter -->
<testsuite hostname="DESKTOP-HCKD6N7" failures="0" tests="2" name="demo.Login" time="5.066" errors="0" timestamp="2024-10-05T10:11:13 IST" skipped="0">
  <testcase classname="demo.Login" name="test" time="2.699"/>
  <system-out/>
  <testcase classname="demo.Login" name="test" time="2.367"/>
  <system-out/>
</testsuite> <!-- demo.Login -->
