<?xml version="1.0" encoding="UTF-8"?>
<!-- Generated by org.testng.reporters.JUnitReportReporter -->
<testsuite hostname="DESKTOP-HCKD6N7" failures="0" tests="1" name="demo.Fetch_data" time="0.317" errors="0" timestamp="2024-10-05T09:36:59 IST" skipped="0">
  <testcase classname="demo.Fetch_data" name="test" time="0.317"/>
  <system-out/>
</testsuite> <!-- demo.Fetch_data -->
