<?xml version="1.0" encoding="UTF-8"?>
<!-- Generated by org.testng.reporters.JUnitReportReporter -->
<testsuite hostname="DESKTOP-HCKD6N7" failures="0" tests="1" name="demo.Login" time="2.777" errors="0" timestamp="2024-10-05T11:41:11 IST" skipped="0">
  <testcase classname="demo.Login" name="test" time="2.777"/>
  <system-out/>
</testsuite> <!-- demo.Login -->
