<?xml version="1.0" encoding="UTF-8"?>
<!-- Generated by org.testng.reporters.JUnitReportReporter -->
<testsuite hostname="DESKTOP-HCKD6N7" failures="0" tests="1" name="demo.Login" time="14.198" errors="0" timestamp="2024-09-30T12:06:32 IST" skipped="0">
  <testcase classname="demo.Login" name="test" time="14.198"/>
  <system-out/>
</testsuite> <!-- demo.Login -->
