<?xml version="1.0" encoding="UTF-8"?>
<!-- Generated by org.testng.reporters.JUnitReportReporter -->
<testsuite hostname="DESKTOP-HCKD6N7" failures="0" tests="1" name="demo.Login" time="12.510" errors="0" timestamp="2024-10-03T12:47:47 IST" skipped="0">
  <testcase classname="demo.Login" name="test" time="12.510"/>
  <system-out/>
</testsuite> <!-- demo.Login -->
