<?xml version="1.0" encoding="UTF-8"?>
<!-- Generated by org.testng.reporters.JUnitReportReporter -->
<testsuite hostname="DESKTOP-HCKD6N7" failures="0" tests="1" name="demo.Sample" time="0.009" errors="0" timestamp="2024-10-03T12:46:27 IST" skipped="0">
  <testcase classname="demo.Sample" name="test" time="0.009"/>
  <system-out/>
</testsuite> <!-- demo.Sample -->
