<?xml version="1.0" encoding="UTF-8"?>
<!-- Generated by org.testng.reporters.JUnitReportReporter -->
<testsuite hostname="DESKTOP-HCKD6N7" failures="0" tests="1" name="automation_task.BusOnlineticket" time="34.326" errors="0" timestamp="2024-05-23T14:17:45 IST" skipped="0">
  <testcase classname="automation_task.BusOnlineticket" name="test" time="34.326">
    <system-out>
      <![CDATA[Please select a payment method]]>
    </system-out>
  </testcase> <!-- test -->
  <system-out>
    <![CDATA[Please select a payment method]]>
  </system-out>
</testsuite> <!-- automation_task.BusOnlineticket -->
