<?xml version="1.0" encoding="UTF-8"?>
<!-- Generated by org.testng.reporters.JUnitReportReporter -->
<testsuite hostname="DESKTOP-HCKD6N7" failures="0" tests="2" name="frame_work.Demo" time="19.918" errors="0" timestamp="2024-08-19T17:34:38 IST" skipped="0">
  <testcase classname="frame_work.Demo" name="test" time="9.821"/>
  <testcase classname="frame_work.Demo" name="test" time="10.097"/>
</testsuite> <!-- frame_work.Demo -->
