<?xml version="1.0" encoding="UTF-8"?>
<!-- Generated by org.testng.reporters.JUnitReportReporter -->
<testsuite hostname="DESKTOP-HCKD6N7" failures="0" tests="3" name="genric.Demo" time="0.003" errors="0" timestamp="2024-05-07T15:10:19 IST" skipped="0">
  <testcase classname="genric.Demo" name="a" time="0.001">
    <system-out>
      <![CDATA[beta]]>
    </system-out>
  </testcase> <!-- a -->
  <testcase classname="genric.Demo" name="c" time="0.001">
    <system-out>
      <![CDATA[Batta]]>
    </system-out>
  </testcase> <!-- c -->
  <testcase classname="genric.Demo" name="b" time="0.001">
    <system-out>
      <![CDATA[alli]]>
    </system-out>
  </testcase> <!-- b -->
  <system-out>
    <![CDATA[signup
Login
Like a page
alli
beta
Batta]]>
  </system-out>
</testsuite> <!-- genric.Demo -->
