<?xml version="1.0" encoding="UTF-8"?>
<!-- Generated by org.testng.reporters.JUnitReportReporter -->
<testsuite hostname="DESKTOP-HCKD6N7" failures="0" tests="1" name="ali.Sample" time="9.578" errors="0" timestamp="2024-05-24T12:21:58 IST" skipped="0">
  <testcase classname="ali.Sample" name="test" time="9.578"/>
</testsuite> <!-- ali.Sample -->
