<?xml version="1.0" encoding="UTF-8"?>
<!-- Generated by org.testng.reporters.JUnitReportReporter -->
<testsuite hostname="DESKTOP-HCKD6N7" failures="0" tests="1" name="ddt.Data" time="0.512" errors="0" timestamp="2024-07-31T11:59:16 IST" skipped="0">
  <testcase classname="ddt.Data" name="data" time="0.512"/>
</testsuite> <!-- ddt.Data -->
