<?xml version="1.0" encoding="UTF-8"?>
<!-- Generated by org.testng.reporters.JUnitReportReporter -->
<testsuite hostname="DESKTOP-HCKD6N7" failures="0" tests="3" name="frame_work.Sample" time="0.012" errors="0" timestamp="2024-05-07T15:10:19 IST" skipped="0">
  <testcase classname="frame_work.Sample" name="c" time="0.001">
    <system-out>
      <![CDATA[Like a page]]>
    </system-out>
  </testcase> <!-- c -->
  <testcase classname="frame_work.Sample" name="b" time="0.010">
    <system-out>
      <![CDATA[signup]]>
    </system-out>
  </testcase> <!-- b -->
  <testcase classname="frame_work.Sample" name="a" time="0.001">
    <system-out>
      <![CDATA[Login]]>
    </system-out>
  </testcase> <!-- a -->
  <system-out>
    <![CDATA[signup
Login
Like a page
alli
beta
Batta]]>
  </system-out>
</testsuite> <!-- frame_work.Sample -->
